<?xml version="1.0" encoding="UTF-8"?>
<!-- Generated by org.testng.reporters.JUnitReportReporter -->
<testsuite hostname="Mahesh_Laptop" failures="0" tests="1" name="testcases.LoginTestCRM" time="3.919" errors="0" timestamp="2024-06-25T18:41:51 EDT" skipped="0">
  <testcase classname="testcases.LoginTestCRM" name="loginApp" time="3.919"/>
</testsuite> <!-- testcases.LoginTestCRM -->
